<?xml version="1.0" encoding="UTF-8"?>
<!-- Generated by org.testng.reporters.JUnitReportReporter -->
<testsuite skipped="0" hostname="ip-172-31-76-77" name="day7.Guru99Project" tests="3" failures="0" timestamp="2020-10-29T04:05:32 UTC" time="6.160" errors="0">
  <testcase name="loginToApplication" time="3.088" classname="day7.Guru99Project"/>
  <system-out/>
  <testcase name="closeBrowser" time="0.191" classname="day7.Guru99Project"/>
  <system-out/>
  <testcase name="invokeBrowser" time="2.881" classname="day7.Guru99Project"/>
  <system-out/>
</testsuite> <!-- day7.Guru99Project -->
