<?xml version="1.0" encoding="UTF-8"?>
<!-- Generated by org.testng.reporters.JUnitReportReporter -->
<testsuite skipped="0" hostname="ip-172-31-76-77" name="gridExample.TestSeleniumGrid" tests="2" failures="0" timestamp="2020-10-29T05:20:01 UTC" time="6.945" errors="0">
  <testcase name="verifySeleniumGrid" time="5.056" classname="gridExample.TestSeleniumGrid"/>
  <system-out/>
  <testcase name="verifySeleniumGrid" time="1.889" classname="gridExample.TestSeleniumGrid"/>
  <system-out/>
</testsuite> <!-- gridExample.TestSeleniumGrid -->
