<?xml version="1.0" encoding="UTF-8"?>
<!-- Generated by org.testng.reporters.JUnitReportReporter -->
<testsuite skipped="0" hostname="ip-172-31-76-77" name="day7.Guru99ProjectDepedencyOnGroup" tests="4" failures="0" timestamp="2020-10-29T04:16:03 UTC" time="8.519" errors="0">
  <testcase name="loginToApplication" time="5.052" classname="day7.Guru99ProjectDepedencyOnGroup"/>
  <system-out/>
  <testcase name="addCustomer" time="0.002" classname="day7.Guru99ProjectDepedencyOnGroup"/>
  <system-out/>
  <testcase name="closeBrowser" time="0.128" classname="day7.Guru99ProjectDepedencyOnGroup"/>
  <system-out/>
  <testcase name="invokeBrowser" time="3.337" classname="day7.Guru99ProjectDepedencyOnGroup"/>
  <system-out/>
</testsuite> <!-- day7.Guru99ProjectDepedencyOnGroup -->
